  CloseCombatEnemy.cpp
C:\Users\serim\source\repos\W2022\A.I\GAME3001_A4_BuiTravor_WooChaewan_JeongSangmin\src\CloseCombatEnemy.cpp(118,7): warning C4244: 'argument': conversion from 'const T' to 'int', possible loss of data
          with
          [
              T=float
          ]
C:\Users\serim\source\repos\W2022\A.I\GAME3001_A4_BuiTravor_WooChaewan_JeongSangmin\src\CloseCombatEnemy.cpp(118,4): warning C4244: 'argument': conversion from 'const T' to 'int', possible loss of data
          with
          [
              T=float
          ]
C:\Users\serim\source\repos\W2022\A.I\GAME3001_A4_BuiTravor_WooChaewan_JeongSangmin\src\CloseCombatEnemy.cpp(122,7): warning C4244: 'argument': conversion from 'const T' to 'int', possible loss of data
          with
          [
              T=float
          ]
C:\Users\serim\source\repos\W2022\A.I\GAME3001_A4_BuiTravor_WooChaewan_JeongSangmin\src\CloseCombatEnemy.cpp(122,4): warning C4244: 'argument': conversion from 'const T' to 'int', possible loss of data
          with
          [
              T=float
          ]
C:\Users\serim\source\repos\W2022\A.I\GAME3001_A4_BuiTravor_WooChaewan_JeongSangmin\src\CloseCombatEnemy.cpp(126,7): warning C4244: 'argument': conversion from 'const T' to 'int', possible loss of data
          with
          [
              T=float
          ]
C:\Users\serim\source\repos\W2022\A.I\GAME3001_A4_BuiTravor_WooChaewan_JeongSangmin\src\CloseCombatEnemy.cpp(126,4): warning C4244: 'argument': conversion from 'const T' to 'int', possible loss of data
          with
          [
              T=float
          ]
C:\Users\serim\source\repos\W2022\A.I\GAME3001_A4_BuiTravor_WooChaewan_JeongSangmin\src\CloseCombatEnemy.cpp(130,7): warning C4244: 'argument': conversion from 'const T' to 'int', possible loss of data
          with
          [
              T=float
          ]
C:\Users\serim\source\repos\W2022\A.I\GAME3001_A4_BuiTravor_WooChaewan_JeongSangmin\src\CloseCombatEnemy.cpp(130,4): warning C4244: 'argument': conversion from 'const T' to 'int', possible loss of data
          with
          [
              T=float
          ]
C:\Users\serim\source\repos\W2022\A.I\GAME3001_A4_BuiTravor_WooChaewan_JeongSangmin\src\CloseCombatEnemy.cpp(134,7): warning C4244: 'argument': conversion from 'const T' to 'int', possible loss of data
          with
          [
              T=float
          ]
C:\Users\serim\source\repos\W2022\A.I\GAME3001_A4_BuiTravor_WooChaewan_JeongSangmin\src\CloseCombatEnemy.cpp(134,4): warning C4244: 'argument': conversion from 'const T' to 'int', possible loss of data
          with
          [
              T=float
          ]
C:\Users\serim\source\repos\W2022\A.I\GAME3001_A4_BuiTravor_WooChaewan_JeongSangmin\src\CloseCombatEnemy.cpp(138,7): warning C4244: 'argument': conversion from 'const T' to 'int', possible loss of data
          with
          [
              T=float
          ]
C:\Users\serim\source\repos\W2022\A.I\GAME3001_A4_BuiTravor_WooChaewan_JeongSangmin\src\CloseCombatEnemy.cpp(138,4): warning C4244: 'argument': conversion from 'const T' to 'int', possible loss of data
          with
          [
              T=float
          ]
C:\Users\serim\source\repos\W2022\A.I\GAME3001_A4_BuiTravor_WooChaewan_JeongSangmin\src\CloseCombatEnemy.cpp(142,7): warning C4244: 'argument': conversion from 'const T' to 'int', possible loss of data
          with
          [
              T=float
          ]
C:\Users\serim\source\repos\W2022\A.I\GAME3001_A4_BuiTravor_WooChaewan_JeongSangmin\src\CloseCombatEnemy.cpp(142,4): warning C4244: 'argument': conversion from 'const T' to 'int', possible loss of data
          with
          [
              T=float
          ]
C:\Users\serim\source\repos\W2022\A.I\GAME3001_A4_BuiTravor_WooChaewan_JeongSangmin\src\CloseCombatEnemy.cpp(146,7): warning C4244: 'argument': conversion from 'const T' to 'int', possible loss of data
          with
          [
              T=float
          ]
C:\Users\serim\source\repos\W2022\A.I\GAME3001_A4_BuiTravor_WooChaewan_JeongSangmin\src\CloseCombatEnemy.cpp(146,4): warning C4244: 'argument': conversion from 'const T' to 'int', possible loss of data
          with
          [
              T=float
          ]
C:\Users\serim\source\repos\W2022\A.I\GAME3001_A4_BuiTravor_WooChaewan_JeongSangmin\src\CloseCombatEnemy.cpp(150,7): warning C4244: 'argument': conversion from 'const T' to 'int', possible loss of data
          with
          [
              T=float
          ]
C:\Users\serim\source\repos\W2022\A.I\GAME3001_A4_BuiTravor_WooChaewan_JeongSangmin\src\CloseCombatEnemy.cpp(150,4): warning C4244: 'argument': conversion from 'const T' to 'int', possible loss of data
          with
          [
              T=float
          ]
C:\Users\serim\source\repos\W2022\A.I\GAME3001_A4_BuiTravor_WooChaewan_JeongSangmin\src\CloseCombatEnemy.cpp(154,7): warning C4244: 'argument': conversion from 'const T' to 'int', possible loss of data
          with
          [
              T=float
          ]
C:\Users\serim\source\repos\W2022\A.I\GAME3001_A4_BuiTravor_WooChaewan_JeongSangmin\src\CloseCombatEnemy.cpp(154,4): warning C4244: 'argument': conversion from 'const T' to 'int', possible loss of data
          with
          [
              T=float
          ]
C:\Users\serim\source\repos\W2022\A.I\GAME3001_A4_BuiTravor_WooChaewan_JeongSangmin\src\CloseCombatEnemy.cpp(158,7): warning C4244: 'argument': conversion from 'const T' to 'int', possible loss of data
          with
          [
              T=float
          ]
C:\Users\serim\source\repos\W2022\A.I\GAME3001_A4_BuiTravor_WooChaewan_JeongSangmin\src\CloseCombatEnemy.cpp(158,4): warning C4244: 'argument': conversion from 'const T' to 'int', possible loss of data
          with
          [
              T=float
          ]
  EndScene.cpp
  Enemy.cpp
  EventManager.cpp
C:\Users\serim\source\repos\W2022\A.I\GAME3001_A4_BuiTravor_WooChaewan_JeongSangmin\src\EventManager.cpp(164,32): warning C4018: '<': signed/unsigned mismatch
C:\Users\serim\source\repos\W2022\A.I\GAME3001_A4_BuiTravor_WooChaewan_JeongSangmin\src\EventManager.cpp(231,37): warning C4244: '=': conversion from 'Sint32' to 'T', possible loss of data
          with
          [
              T=float
          ]
C:\Users\serim\source\repos\W2022\A.I\GAME3001_A4_BuiTravor_WooChaewan_JeongSangmin\src\EventManager.cpp(232,37): warning C4244: '=': conversion from 'Sint32' to 'T', possible loss of data
          with
          [
              T=float
          ]
  Game.cpp
  PlayScene.cpp
C:\Users\serim\source\repos\W2022\A.I\GAME3001_A4_BuiTravor_WooChaewan_JeongSangmin\src\PlayScene.cpp(372,22): warning C4244: 'argument': conversion from 'float' to 'int', possible loss of data
C:\Users\serim\source\repos\W2022\A.I\GAME3001_A4_BuiTravor_WooChaewan_JeongSangmin\src\PlayScene.cpp(373,23): warning C4244: 'argument': conversion from 'float' to 'int', possible loss of data
C:\Users\serim\source\repos\W2022\A.I\GAME3001_A4_BuiTravor_WooChaewan_JeongSangmin\src\PlayScene.cpp(503,55): warning C4244: '=': conversion from 'T' to 'int', possible loss of data
          with
          [
              T=float
          ]
C:\Users\serim\source\repos\W2022\A.I\GAME3001_A4_BuiTravor_WooChaewan_JeongSangmin\src\PlayScene.cpp(504,55): warning C4244: '=': conversion from 'T' to 'int', possible loss of data
          with
          [
              T=float
          ]
C:\Users\serim\source\repos\W2022\A.I\GAME3001_A4_BuiTravor_WooChaewan_JeongSangmin\src\PlayScene.cpp(507,57): warning C4244: '=': conversion from 'int' to 'T', possible loss of data
          with
          [
              T=float
          ]
C:\Users\serim\source\repos\W2022\A.I\GAME3001_A4_BuiTravor_WooChaewan_JeongSangmin\src\PlayScene.cpp(508,57): warning C4244: '=': conversion from 'int' to 'T', possible loss of data
          with
          [
              T=float
          ]
C:\Users\serim\source\repos\W2022\A.I\GAME3001_A4_BuiTravor_WooChaewan_JeongSangmin\src\PlayScene.cpp(512,38): warning C4244: '=': conversion from 'float' to 'int', possible loss of data
C:\Users\serim\source\repos\W2022\A.I\GAME3001_A4_BuiTravor_WooChaewan_JeongSangmin\src\PlayScene.cpp(515,32): warning C4244: 'argument': conversion from 'int' to 'float', possible loss of data
  Player.cpp
C:\Users\serim\source\repos\W2022\A.I\GAME3001_A4_BuiTravor_WooChaewan_JeongSangmin\src\Player.cpp(109,7): warning C4244: 'argument': conversion from 'const T' to 'int', possible loss of data
          with
          [
              T=float
          ]
C:\Users\serim\source\repos\W2022\A.I\GAME3001_A4_BuiTravor_WooChaewan_JeongSangmin\src\Player.cpp(109,4): warning C4244: 'argument': conversion from 'const T' to 'int', possible loss of data
          with
          [
              T=float
          ]
C:\Users\serim\source\repos\W2022\A.I\GAME3001_A4_BuiTravor_WooChaewan_JeongSangmin\src\Player.cpp(113,7): warning C4244: 'argument': conversion from 'const T' to 'int', possible loss of data
          with
          [
              T=float
          ]
C:\Users\serim\source\repos\W2022\A.I\GAME3001_A4_BuiTravor_WooChaewan_JeongSangmin\src\Player.cpp(113,4): warning C4244: 'argument': conversion from 'const T' to 'int', possible loss of data
          with
          [
              T=float
          ]
C:\Users\serim\source\repos\W2022\A.I\GAME3001_A4_BuiTravor_WooChaewan_JeongSangmin\src\Player.cpp(117,7): warning C4244: 'argument': conversion from 'const T' to 'int', possible loss of data
          with
          [
              T=float
          ]
C:\Users\serim\source\repos\W2022\A.I\GAME3001_A4_BuiTravor_WooChaewan_JeongSangmin\src\Player.cpp(117,4): warning C4244: 'argument': conversion from 'const T' to 'int', possible loss of data
          with
          [
              T=float
          ]
C:\Users\serim\source\repos\W2022\A.I\GAME3001_A4_BuiTravor_WooChaewan_JeongSangmin\src\Player.cpp(121,7): warning C4244: 'argument': conversion from 'const T' to 'int', possible loss of data
          with
          [
              T=float
          ]
C:\Users\serim\source\repos\W2022\A.I\GAME3001_A4_BuiTravor_WooChaewan_JeongSangmin\src\Player.cpp(121,4): warning C4244: 'argument': conversion from 'const T' to 'int', possible loss of data
          with
          [
              T=float
          ]
C:\Users\serim\source\repos\W2022\A.I\GAME3001_A4_BuiTravor_WooChaewan_JeongSangmin\src\Player.cpp(133,7): warning C4244: 'argument': conversion from 'const T' to 'int', possible loss of data
          with
          [
              T=float
          ]
C:\Users\serim\source\repos\W2022\A.I\GAME3001_A4_BuiTravor_WooChaewan_JeongSangmin\src\Player.cpp(133,4): warning C4244: 'argument': conversion from 'const T' to 'int', possible loss of data
          with
          [
              T=float
          ]
C:\Users\serim\source\repos\W2022\A.I\GAME3001_A4_BuiTravor_WooChaewan_JeongSangmin\src\Player.cpp(137,7): warning C4244: 'argument': conversion from 'const T' to 'int', possible loss of data
          with
          [
              T=float
          ]
C:\Users\serim\source\repos\W2022\A.I\GAME3001_A4_BuiTravor_WooChaewan_JeongSangmin\src\Player.cpp(137,4): warning C4244: 'argument': conversion from 'const T' to 'int', possible loss of data
          with
          [
              T=float
          ]
C:\Users\serim\source\repos\W2022\A.I\GAME3001_A4_BuiTravor_WooChaewan_JeongSangmin\src\Player.cpp(141,7): warning C4244: 'argument': conversion from 'const T' to 'int', possible loss of data
          with
          [
              T=float
          ]
C:\Users\serim\source\repos\W2022\A.I\GAME3001_A4_BuiTravor_WooChaewan_JeongSangmin\src\Player.cpp(141,4): warning C4244: 'argument': conversion from 'const T' to 'int', possible loss of data
          with
          [
              T=float
          ]
C:\Users\serim\source\repos\W2022\A.I\GAME3001_A4_BuiTravor_WooChaewan_JeongSangmin\src\Player.cpp(145,7): warning C4244: 'argument': conversion from 'const T' to 'int', possible loss of data
          with
          [
              T=float
          ]
C:\Users\serim\source\repos\W2022\A.I\GAME3001_A4_BuiTravor_WooChaewan_JeongSangmin\src\Player.cpp(145,4): warning C4244: 'argument': conversion from 'const T' to 'int', possible loss of data
          with
          [
              T=float
          ]
C:\Users\serim\source\repos\W2022\A.I\GAME3001_A4_BuiTravor_WooChaewan_JeongSangmin\src\Player.cpp(149,7): warning C4244: 'argument': conversion from 'const T' to 'int', possible loss of data
          with
          [
              T=float
          ]
C:\Users\serim\source\repos\W2022\A.I\GAME3001_A4_BuiTravor_WooChaewan_JeongSangmin\src\Player.cpp(149,4): warning C4244: 'argument': conversion from 'const T' to 'int', possible loss of data
          with
          [
              T=float
          ]
C:\Users\serim\source\repos\W2022\A.I\GAME3001_A4_BuiTravor_WooChaewan_JeongSangmin\src\Player.cpp(153,7): warning C4244: 'argument': conversion from 'const T' to 'int', possible loss of data
          with
          [
              T=float
          ]
C:\Users\serim\source\repos\W2022\A.I\GAME3001_A4_BuiTravor_WooChaewan_JeongSangmin\src\Player.cpp(153,4): warning C4244: 'argument': conversion from 'const T' to 'int', possible loss of data
          with
          [
              T=float
          ]
C:\Users\serim\source\repos\W2022\A.I\GAME3001_A4_BuiTravor_WooChaewan_JeongSangmin\src\Player.cpp(157,7): warning C4244: 'argument': conversion from 'const T' to 'int', possible loss of data
          with
          [
              T=float
          ]
C:\Users\serim\source\repos\W2022\A.I\GAME3001_A4_BuiTravor_WooChaewan_JeongSangmin\src\Player.cpp(157,4): warning C4244: 'argument': conversion from 'const T' to 'int', possible loss of data
          with
          [
              T=float
          ]
C:\Users\serim\source\repos\W2022\A.I\GAME3001_A4_BuiTravor_WooChaewan_JeongSangmin\src\Player.cpp(161,7): warning C4244: 'argument': conversion from 'const T' to 'int', possible loss of data
          with
          [
              T=float
          ]
C:\Users\serim\source\repos\W2022\A.I\GAME3001_A4_BuiTravor_WooChaewan_JeongSangmin\src\Player.cpp(161,4): warning C4244: 'argument': conversion from 'const T' to 'int', possible loss of data
          with
          [
              T=float
          ]
  RangedCombatEnemy.cpp
C:\Users\serim\source\repos\W2022\A.I\GAME3001_A4_BuiTravor_WooChaewan_JeongSangmin\src\RangedCombatEnemy.cpp(121,7): warning C4244: 'argument': conversion from 'const T' to 'int', possible loss of data
          with
          [
              T=float
          ]
C:\Users\serim\source\repos\W2022\A.I\GAME3001_A4_BuiTravor_WooChaewan_JeongSangmin\src\RangedCombatEnemy.cpp(121,4): warning C4244: 'argument': conversion from 'const T' to 'int', possible loss of data
          with
          [
              T=float
          ]
C:\Users\serim\source\repos\W2022\A.I\GAME3001_A4_BuiTravor_WooChaewan_JeongSangmin\src\RangedCombatEnemy.cpp(125,7): warning C4244: 'argument': conversion from 'const T' to 'int', possible loss of data
          with
          [
              T=float
          ]
C:\Users\serim\source\repos\W2022\A.I\GAME3001_A4_BuiTravor_WooChaewan_JeongSangmin\src\RangedCombatEnemy.cpp(125,4): warning C4244: 'argument': conversion from 'const T' to 'int', possible loss of data
          with
          [
              T=float
          ]
C:\Users\serim\source\repos\W2022\A.I\GAME3001_A4_BuiTravor_WooChaewan_JeongSangmin\src\RangedCombatEnemy.cpp(129,7): warning C4244: 'argument': conversion from 'const T' to 'int', possible loss of data
          with
          [
              T=float
          ]
C:\Users\serim\source\repos\W2022\A.I\GAME3001_A4_BuiTravor_WooChaewan_JeongSangmin\src\RangedCombatEnemy.cpp(129,4): warning C4244: 'argument': conversion from 'const T' to 'int', possible loss of data
          with
          [
              T=float
          ]
C:\Users\serim\source\repos\W2022\A.I\GAME3001_A4_BuiTravor_WooChaewan_JeongSangmin\src\RangedCombatEnemy.cpp(133,7): warning C4244: 'argument': conversion from 'const T' to 'int', possible loss of data
          with
          [
              T=float
          ]
C:\Users\serim\source\repos\W2022\A.I\GAME3001_A4_BuiTravor_WooChaewan_JeongSangmin\src\RangedCombatEnemy.cpp(133,4): warning C4244: 'argument': conversion from 'const T' to 'int', possible loss of data
          with
          [
              T=float
          ]
C:\Users\serim\source\repos\W2022\A.I\GAME3001_A4_BuiTravor_WooChaewan_JeongSangmin\src\RangedCombatEnemy.cpp(137,7): warning C4244: 'argument': conversion from 'const T' to 'int', possible loss of data
          with
          [
              T=float
          ]
C:\Users\serim\source\repos\W2022\A.I\GAME3001_A4_BuiTravor_WooChaewan_JeongSangmin\src\RangedCombatEnemy.cpp(137,4): warning C4244: 'argument': conversion from 'const T' to 'int', possible loss of data
          with
          [
              T=float
          ]
C:\Users\serim\source\repos\W2022\A.I\GAME3001_A4_BuiTravor_WooChaewan_JeongSangmin\src\RangedCombatEnemy.cpp(141,7): warning C4244: 'argument': conversion from 'const T' to 'int', possible loss of data
          with
          [
              T=float
          ]
C:\Users\serim\source\repos\W2022\A.I\GAME3001_A4_BuiTravor_WooChaewan_JeongSangmin\src\RangedCombatEnemy.cpp(141,4): warning C4244: 'argument': conversion from 'const T' to 'int', possible loss of data
          with
          [
              T=float
          ]
C:\Users\serim\source\repos\W2022\A.I\GAME3001_A4_BuiTravor_WooChaewan_JeongSangmin\src\RangedCombatEnemy.cpp(145,7): warning C4244: 'argument': conversion from 'const T' to 'int', possible loss of data
          with
          [
              T=float
          ]
C:\Users\serim\source\repos\W2022\A.I\GAME3001_A4_BuiTravor_WooChaewan_JeongSangmin\src\RangedCombatEnemy.cpp(145,4): warning C4244: 'argument': conversion from 'const T' to 'int', possible loss of data
          with
          [
              T=float
          ]
C:\Users\serim\source\repos\W2022\A.I\GAME3001_A4_BuiTravor_WooChaewan_JeongSangmin\src\RangedCombatEnemy.cpp(149,7): warning C4244: 'argument': conversion from 'const T' to 'int', possible loss of data
          with
          [
              T=float
          ]
C:\Users\serim\source\repos\W2022\A.I\GAME3001_A4_BuiTravor_WooChaewan_JeongSangmin\src\RangedCombatEnemy.cpp(149,4): warning C4244: 'argument': conversion from 'const T' to 'int', possible loss of data
          with
          [
              T=float
          ]
C:\Users\serim\source\repos\W2022\A.I\GAME3001_A4_BuiTravor_WooChaewan_JeongSangmin\src\RangedCombatEnemy.cpp(153,7): warning C4244: 'argument': conversion from 'const T' to 'int', possible loss of data
          with
          [
              T=float
          ]
C:\Users\serim\source\repos\W2022\A.I\GAME3001_A4_BuiTravor_WooChaewan_JeongSangmin\src\RangedCombatEnemy.cpp(153,4): warning C4244: 'argument': conversion from 'const T' to 'int', possible loss of data
          with
          [
              T=float
          ]
C:\Users\serim\source\repos\W2022\A.I\GAME3001_A4_BuiTravor_WooChaewan_JeongSangmin\src\RangedCombatEnemy.cpp(157,7): warning C4244: 'argument': conversion from 'const T' to 'int', possible loss of data
          with
          [
              T=float
          ]
C:\Users\serim\source\repos\W2022\A.I\GAME3001_A4_BuiTravor_WooChaewan_JeongSangmin\src\RangedCombatEnemy.cpp(157,4): warning C4244: 'argument': conversion from 'const T' to 'int', possible loss of data
          with
          [
              T=float
          ]
C:\Users\serim\source\repos\W2022\A.I\GAME3001_A4_BuiTravor_WooChaewan_JeongSangmin\src\RangedCombatEnemy.cpp(161,7): warning C4244: 'argument': conversion from 'const T' to 'int', possible loss of data
          with
          [
              T=float
          ]
C:\Users\serim\source\repos\W2022\A.I\GAME3001_A4_BuiTravor_WooChaewan_JeongSangmin\src\RangedCombatEnemy.cpp(161,4): warning C4244: 'argument': conversion from 'const T' to 'int', possible loss of data
          with
          [
              T=float
          ]
  SpaceShip.cpp
C:\Users\serim\source\repos\W2022\A.I\GAME3001_A4_BuiTravor_WooChaewan_JeongSangmin\src\SpaceShip.cpp(12,15): warning C4244: 'argument': conversion from 'const T' to 'int', possible loss of data
          with
          [
              T=float
          ]
C:\Users\serim\source\repos\W2022\A.I\GAME3001_A4_BuiTravor_WooChaewan_JeongSangmin\src\SpaceShip.cpp(13,16): warning C4244: 'argument': conversion from 'const T' to 'int', possible loss of data
          with
          [
              T=float
          ]
C:\Users\serim\source\repos\W2022\A.I\GAME3001_A4_BuiTravor_WooChaewan_JeongSangmin\src\SpaceShip.cpp(54,51): warning C4244: 'argument': conversion from 'const T' to 'int', possible loss of data
          with
          [
              T=float
          ]
C:\Users\serim\source\repos\W2022\A.I\GAME3001_A4_BuiTravor_WooChaewan_JeongSangmin\src\SpaceShip.cpp(54,48): warning C4244: 'argument': conversion from 'const T' to 'int', possible loss of data
          with
          [
              T=float
          ]
  StartScene.cpp
  TextureManager.cpp
C:\Users\serim\source\repos\W2022\A.I\GAME3001_A4_BuiTravor_WooChaewan_JeongSangmin\src\TextureManager.cpp(135,36): warning C4244: 'initializing': conversion from 'double' to 'int', possible loss of data
C:\Users\serim\source\repos\W2022\A.I\GAME3001_A4_BuiTravor_WooChaewan_JeongSangmin\src\TextureManager.cpp(135,21): warning C4244: 'initializing': conversion from 'double' to 'const int', possible loss of data
C:\Users\serim\source\repos\W2022\A.I\GAME3001_A4_BuiTravor_WooChaewan_JeongSangmin\src\TextureManager.cpp(136,37): warning C4244: 'initializing': conversion from 'double' to 'int', possible loss of data
C:\Users\serim\source\repos\W2022\A.I\GAME3001_A4_BuiTravor_WooChaewan_JeongSangmin\src\TextureManager.cpp(136,21): warning C4244: 'initializing': conversion from 'double' to 'const int', possible loss of data
C:\Users\serim\source\repos\W2022\A.I\GAME3001_A4_BuiTravor_WooChaewan_JeongSangmin\src\TextureManager.cpp(164,34): warning C4244: 'initializing': conversion from 'double' to 'int', possible loss of data
C:\Users\serim\source\repos\W2022\A.I\GAME3001_A4_BuiTravor_WooChaewan_JeongSangmin\src\TextureManager.cpp(164,21): warning C4244: 'initializing': conversion from 'double' to 'const int', possible loss of data
C:\Users\serim\source\repos\W2022\A.I\GAME3001_A4_BuiTravor_WooChaewan_JeongSangmin\src\TextureManager.cpp(165,34): warning C4244: 'initializing': conversion from 'double' to 'int', possible loss of data
C:\Users\serim\source\repos\W2022\A.I\GAME3001_A4_BuiTravor_WooChaewan_JeongSangmin\src\TextureManager.cpp(165,21): warning C4244: 'initializing': conversion from 'double' to 'const int', possible loss of data
C:\Users\serim\source\repos\W2022\A.I\GAME3001_A4_BuiTravor_WooChaewan_JeongSangmin\src\TextureManager.cpp(207,36): warning C4244: 'initializing': conversion from 'double' to 'int', possible loss of data
C:\Users\serim\source\repos\W2022\A.I\GAME3001_A4_BuiTravor_WooChaewan_JeongSangmin\src\TextureManager.cpp(207,21): warning C4244: 'initializing': conversion from 'double' to 'const int', possible loss of data
C:\Users\serim\source\repos\W2022\A.I\GAME3001_A4_BuiTravor_WooChaewan_JeongSangmin\src\TextureManager.cpp(208,37): warning C4244: 'initializing': conversion from 'double' to 'int', possible loss of data
C:\Users\serim\source\repos\W2022\A.I\GAME3001_A4_BuiTravor_WooChaewan_JeongSangmin\src\TextureManager.cpp(208,21): warning C4244: 'initializing': conversion from 'double' to 'const int', possible loss of data
C:\Users\serim\source\repos\W2022\A.I\GAME3001_A4_BuiTravor_WooChaewan_JeongSangmin\src\TextureManager.cpp(224,33): warning C4244: 'initializing': conversion from 'float' to 'int', possible loss of data
C:\Users\serim\source\repos\W2022\A.I\GAME3001_A4_BuiTravor_WooChaewan_JeongSangmin\src\TextureManager.cpp(224,26): warning C4244: 'initializing': conversion from 'float' to 'const int', possible loss of data
C:\Users\serim\source\repos\W2022\A.I\GAME3001_A4_BuiTravor_WooChaewan_JeongSangmin\src\TextureManager.cpp(252,33): warning C4244: 'initializing': conversion from 'float' to 'int', possible loss of data
C:\Users\serim\source\repos\W2022\A.I\GAME3001_A4_BuiTravor_WooChaewan_JeongSangmin\src\TextureManager.cpp(252,26): warning C4244: 'initializing': conversion from 'float' to 'const int', possible loss of data
C:\Users\serim\source\repos\W2022\A.I\GAME3001_A4_BuiTravor_WooChaewan_JeongSangmin\src\TextureManager.cpp(259,32): warning C4018: '>': signed/unsigned mismatch
C:\Users\serim\source\repos\W2022\A.I\GAME3001_A4_BuiTravor_WooChaewan_JeongSangmin\src\TextureManager.cpp(287,36): warning C4244: 'initializing': conversion from 'double' to 'int', possible loss of data
C:\Users\serim\source\repos\W2022\A.I\GAME3001_A4_BuiTravor_WooChaewan_JeongSangmin\src\TextureManager.cpp(287,21): warning C4244: 'initializing': conversion from 'double' to 'const int', possible loss of data
C:\Users\serim\source\repos\W2022\A.I\GAME3001_A4_BuiTravor_WooChaewan_JeongSangmin\src\TextureManager.cpp(288,37): warning C4244: 'initializing': conversion from 'double' to 'int', possible loss of data
C:\Users\serim\source\repos\W2022\A.I\GAME3001_A4_BuiTravor_WooChaewan_JeongSangmin\src\TextureManager.cpp(288,21): warning C4244: 'initializing': conversion from 'double' to 'const int', possible loss of data
C:\Users\serim\source\repos\W2022\A.I\GAME3001_A4_BuiTravor_WooChaewan_JeongSangmin\src\TextureManager.cpp(307,33): warning C4244: 'initializing': conversion from 'float' to 'int', possible loss of data
C:\Users\serim\source\repos\W2022\A.I\GAME3001_A4_BuiTravor_WooChaewan_JeongSangmin\src\TextureManager.cpp(307,26): warning C4244: 'initializing': conversion from 'float' to 'const int', possible loss of data
C:\Users\serim\source\repos\W2022\A.I\GAME3001_A4_BuiTravor_WooChaewan_JeongSangmin\src\TextureManager.cpp(314,32): warning C4018: '>': signed/unsigned mismatch
C:\Users\serim\source\repos\W2022\A.I\GAME3001_A4_BuiTravor_WooChaewan_JeongSangmin\src\TextureManager.cpp(342,34): warning C4244: 'initializing': conversion from 'double' to 'int', possible loss of data
C:\Users\serim\source\repos\W2022\A.I\GAME3001_A4_BuiTravor_WooChaewan_JeongSangmin\src\TextureManager.cpp(342,21): warning C4244: 'initializing': conversion from 'double' to 'const int', possible loss of data
C:\Users\serim\source\repos\W2022\A.I\GAME3001_A4_BuiTravor_WooChaewan_JeongSangmin\src\TextureManager.cpp(343,34): warning C4244: 'initializing': conversion from 'double' to 'int', possible loss of data
C:\Users\serim\source\repos\W2022\A.I\GAME3001_A4_BuiTravor_WooChaewan_JeongSangmin\src\TextureManager.cpp(343,21): warning C4244: 'initializing': conversion from 'double' to 'const int', possible loss of data
C:\Users\serim\source\repos\W2022\A.I\GAME3001_A4_BuiTravor_WooChaewan_JeongSangmin\src\TextureManager.cpp(372,36): warning C4244: 'initializing': conversion from 'double' to 'int', possible loss of data
C:\Users\serim\source\repos\W2022\A.I\GAME3001_A4_BuiTravor_WooChaewan_JeongSangmin\src\TextureManager.cpp(372,21): warning C4244: 'initializing': conversion from 'double' to 'const int', possible loss of data
C:\Users\serim\source\repos\W2022\A.I\GAME3001_A4_BuiTravor_WooChaewan_JeongSangmin\src\TextureManager.cpp(373,37): warning C4244: 'initializing': conversion from 'double' to 'int', possible loss of data
C:\Users\serim\source\repos\W2022\A.I\GAME3001_A4_BuiTravor_WooChaewan_JeongSangmin\src\TextureManager.cpp(373,21): warning C4244: 'initializing': conversion from 'double' to 'const int', possible loss of data
C:\Users\serim\source\repos\W2022\A.I\GAME3001_A4_BuiTravor_WooChaewan_JeongSangmin\src\TextureManager.cpp(392,11): warning C4244: '=': conversion from 'int' to 'T', possible loss of data
          with
          [
              T=float
          ]
C:\Users\serim\source\repos\W2022\A.I\GAME3001_A4_BuiTravor_WooChaewan_JeongSangmin\src\TextureManager.cpp(393,11): warning C4244: '=': conversion from 'int' to 'T', possible loss of data
          with
          [
              T=float
          ]
  Weapon.cpp
C:\Users\serim\source\repos\W2022\A.I\GAME3001_A4_BuiTravor_WooChaewan_JeongSangmin\src\Weapon.cpp(61,40): warning C4244: 'argument': conversion from 'int' to 'float', possible loss of data
C:\Users\serim\source\repos\W2022\A.I\GAME3001_A4_BuiTravor_WooChaewan_JeongSangmin\src\Weapon.cpp(61,23): warning C4244: 'argument': conversion from 'int' to 'float', possible loss of data
C:\Users\serim\source\repos\W2022\A.I\GAME3001_A4_BuiTravor_WooChaewan_JeongSangmin\src\Weapon.cpp(61,7): warning C4244: 'argument': conversion from 'const T' to 'int', possible loss of data
          with
          [
              T=float
          ]
C:\Users\serim\source\repos\W2022\A.I\GAME3001_A4_BuiTravor_WooChaewan_JeongSangmin\src\Weapon.cpp(61,4): warning C4244: 'argument': conversion from 'const T' to 'int', possible loss of data
          with
          [
              T=float
          ]
  main.cpp
C:\Users\serim\source\repos\W2022\A.I\GAME3001_A4_BuiTravor_WooChaewan_JeongSangmin\src\main.cpp(9,32): warning C4244: 'initializing': conversion from 'float' to 'int', possible loss of data
  ship.cpp
C:\Users\serim\source\repos\W2022\A.I\GAME3001_A4_BuiTravor_WooChaewan_JeongSangmin\src\ship.cpp(12,15): warning C4244: 'argument': conversion from 'T' to 'int', possible loss of data
          with
          [
              T=float
          ]
C:\Users\serim\source\repos\W2022\A.I\GAME3001_A4_BuiTravor_WooChaewan_JeongSangmin\src\ship.cpp(13,16): warning C4244: 'argument': conversion from 'T' to 'int', possible loss of data
          with
          [
              T=float
          ]
C:\Users\serim\source\repos\W2022\A.I\GAME3001_A4_BuiTravor_WooChaewan_JeongSangmin\src\ship.cpp(40,45): warning C4244: 'argument': conversion from 'const T' to 'int', possible loss of data
          with
          [
              T=float
          ]
C:\Users\serim\source\repos\W2022\A.I\GAME3001_A4_BuiTravor_WooChaewan_JeongSangmin\src\ship.cpp(40,42): warning C4244: 'argument': conversion from 'const T' to 'int', possible loss of data
          with
          [
              T=float
          ]
C:\Users\serim\source\repos\W2022\A.I\GAME3001_A4_BuiTravor_WooChaewan_JeongSangmin\src\ship.cpp(129,35): warning C4244: 'initializing': conversion from 'float' to 'int', possible loss of data
C:\Users\serim\source\repos\W2022\A.I\GAME3001_A4_BuiTravor_WooChaewan_JeongSangmin\src\ship.cpp(129,22): warning C4244: 'initializing': conversion from 'float' to 'const int', possible loss of data
  Generating Code...
  Template.vcxproj -> C:\Users\serim\source\repos\W2022\A.I\GAME3001_A4_BuiTravor_WooChaewan_JeongSangmin\bin\Debug\Template.exe
