c:\users\serim\source\repos\w2022\a.i\game3001_labs\lab 7\template\intermediate\debug\vc143.pdb
c:\users\serim\source\repos\w2022\a.i\game3001_labs\lab 7\template\intermediate\debug\vc143.idb
c:\users\serim\source\repos\w2022\a.i\game3001_labs\lab 7\template\intermediate\debug\pathnode.obj
c:\users\serim\source\repos\w2022\a.i\game3001_labs\lab 7\template\intermediate\debug\obstacle.obj
c:\users\serim\source\repos\w2022\a.i\game3001_labs\lab 7\template\intermediate\debug\navigationobject.obj
c:\users\serim\source\repos\w2022\a.i\game3001_labs\lab 7\template\intermediate\debug\movetoplayeraction.obj
c:\users\serim\source\repos\w2022\a.i\game3001_labs\lab 7\template\intermediate\debug\movetolosaction.obj
c:\users\serim\source\repos\w2022\a.i\game3001_labs\lab 7\template\intermediate\debug\loscondition.obj
c:\users\serim\source\repos\w2022\a.i\game3001_labs\lab 7\template\intermediate\debug\imguiwindowframe.obj
c:\users\serim\source\repos\w2022\a.i\game3001_labs\lab 7\template\intermediate\debug\decisiontree.obj
c:\users\serim\source\repos\w2022\a.i\game3001_labs\lab 7\template\intermediate\debug\collisionmanager.obj
c:\users\serim\source\repos\w2022\a.i\game3001_labs\lab 7\template\intermediate\debug\closecombatcondition.obj
c:\users\serim\source\repos\w2022\a.i\game3001_labs\lab 7\template\intermediate\debug\button.obj
c:\users\serim\source\repos\w2022\a.i\game3001_labs\lab 7\template\intermediate\debug\background.obj
c:\users\serim\source\repos\w2022\a.i\game3001_labs\lab 7\template\intermediate\debug\attackaction.obj
c:\users\serim\source\repos\w2022\a.i\game3001_labs\lab 7\template\intermediate\debug\agent.obj
c:\users\serim\source\repos\w2022\a.i\game3001_labs\lab 7\template\intermediate\debug\imgui_sdl.obj
c:\users\serim\source\repos\w2022\a.i\game3001_labs\lab 7\template\intermediate\debug\imgui_widgets.obj
c:\users\serim\source\repos\w2022\a.i\game3001_labs\lab 7\template\intermediate\debug\imgui_tables.obj
c:\users\serim\source\repos\w2022\a.i\game3001_labs\lab 7\template\intermediate\debug\imgui_draw.obj
c:\users\serim\source\repos\w2022\a.i\game3001_labs\lab 7\template\intermediate\debug\imgui_demo.obj
c:\users\serim\source\repos\w2022\a.i\game3001_labs\lab 7\template\intermediate\debug\imgui.obj
c:\users\serim\source\repos\w2022\a.i\game3001_labs\lab 7\template\intermediate\debug\ship.obj
c:\users\serim\source\repos\w2022\a.i\game3001_labs\lab 7\template\intermediate\debug\scene.obj
c:\users\serim\source\repos\w2022\a.i\game3001_labs\lab 7\template\intermediate\debug\renderer.obj
c:\users\serim\source\repos\w2022\a.i\game3001_labs\lab 7\template\intermediate\debug\player.obj
c:\users\serim\source\repos\w2022\a.i\game3001_labs\lab 7\template\intermediate\debug\plane.obj
c:\users\serim\source\repos\w2022\a.i\game3001_labs\lab 7\template\intermediate\debug\main.obj
c:\users\serim\source\repos\w2022\a.i\game3001_labs\lab 7\template\intermediate\debug\playscene.obj
c:\users\serim\source\repos\w2022\a.i\game3001_labs\lab 7\template\intermediate\debug\label.obj
c:\users\serim\source\repos\w2022\a.i\game3001_labs\lab 7\template\intermediate\debug\gameobject.obj
c:\users\serim\source\repos\w2022\a.i\game3001_labs\lab 7\template\intermediate\debug\gamecontroller.obj
c:\users\serim\source\repos\w2022\a.i\game3001_labs\lab 7\template\intermediate\debug\game.obj
c:\users\serim\source\repos\w2022\a.i\game3001_labs\lab 7\template\intermediate\debug\fontmanager.obj
c:\users\serim\source\repos\w2022\a.i\game3001_labs\lab 7\template\intermediate\debug\endscene.obj
c:\users\serim\source\repos\w2022\a.i\game3001_labs\lab 7\template\intermediate\debug\displayobject.obj
c:\users\serim\source\repos\w2022\a.i\game3001_labs\lab 7\template\intermediate\debug\uicontrol.obj
c:\users\serim\source\repos\w2022\a.i\game3001_labs\lab 7\template\intermediate\debug\tile.obj
c:\users\serim\source\repos\w2022\a.i\game3001_labs\lab 7\template\intermediate\debug\sprite.obj
c:\users\serim\source\repos\w2022\a.i\game3001_labs\lab 7\template\intermediate\debug\spaceship.obj
c:\users\serim\source\repos\w2022\a.i\game3001_labs\lab 7\template\intermediate\debug\radiuscondition.obj
c:\users\serim\source\repos\w2022\a.i\game3001_labs\lab 7\template\intermediate\debug\patrolaction.obj
c:\users\serim\source\repos\w2022\a.i\game3001_labs\lab 7\template\intermediate\debug\util.obj
c:\users\serim\source\repos\w2022\a.i\game3001_labs\lab 7\template\intermediate\debug\texturemanager.obj
c:\users\serim\source\repos\w2022\a.i\game3001_labs\lab 7\template\intermediate\debug\target.obj
c:\users\serim\source\repos\w2022\a.i\game3001_labs\lab 7\template\intermediate\debug\startscene.obj
c:\users\serim\source\repos\w2022\a.i\game3001_labs\lab 7\template\intermediate\debug\spritesheet.obj
c:\users\serim\source\repos\w2022\a.i\game3001_labs\lab 7\template\intermediate\debug\eventmanager.obj
c:\users\serim\source\repos\w2022\a.i\game3001_labs\lab 7\template\intermediate\debug\soundmanager.obj
c:\users\serim\source\repos\w2022\a.i\game3001_labs\lab 7\template\intermediate\debug\closecombatenemy.obj
c:\users\serim\source\repos\w2022\a.i\game3001_labs\lab 7\template\intermediate\debug\movetorangeaction.obj
c:\users\serim\source\repos\w2022\a.i\game3001_labs\lab 7\template\intermediate\debug\enemyhitcondition.obj
c:\users\serim\source\repos\w2022\a.i\game3001_labs\lab 7\template\intermediate\debug\enemyhealthcondition.obj
c:\users\serim\source\repos\w2022\a.i\game3001_labs\lab 7\template\intermediate\debug\torpedo.obj
c:\users\serim\source\repos\w2022\a.i\game3001_labs\lab 7\template\intermediate\debug\playerdetectedcondition.obj
c:\users\serim\source\repos\w2022\a.i\game3001_labs\lab 7\template\intermediate\debug\movetocoveraction.obj
c:\users\serim\source\repos\w2022\a.i\game3001_labs\lab 7\template\intermediate\debug\fleeaction.obj
c:\users\serim\source\repos\w2022\a.i\game3001_labs\lab 7\template\intermediate\debug\waitbehindcoveraction.obj
c:\users\serim\source\repos\w2022\a.i\game3001_labs\lab 7\template\intermediate\debug\rangedcombatenemy.obj
c:\users\serim\source\repos\w2022\a.i\game3001_labs\lab 7\template\intermediate\debug\rangedcombatcondition.obj
c:\users\serim\source\repos\w2022\a.i\game3001_labs\lab 8\template\intermediate\debug\vc143.pdb
c:\users\serim\source\repos\w2022\a.i\game3001_labs\lab 8\template\intermediate\debug\vc143.idb
c:\users\serim\source\repos\w2022\a.i\game3001_labs\lab 8\template\intermediate\debug\movetocoveraction.obj
c:\users\serim\source\repos\w2022\a.i\game3001_labs\lab 8\template\intermediate\debug\loscondition.obj
c:\users\serim\source\repos\w2022\a.i\game3001_labs\lab 8\template\intermediate\debug\imguiwindowframe.obj
c:\users\serim\source\repos\w2022\a.i\game3001_labs\lab 8\template\intermediate\debug\fleeaction.obj
c:\users\serim\source\repos\w2022\a.i\game3001_labs\lab 8\template\intermediate\debug\enemyhitcondition.obj
c:\users\serim\source\repos\w2022\a.i\game3001_labs\lab 8\template\intermediate\debug\enemyhealthcondition.obj
c:\users\serim\source\repos\w2022\a.i\game3001_labs\lab 8\template\intermediate\debug\decisiontree.obj
c:\users\serim\source\repos\w2022\a.i\game3001_labs\lab 8\template\intermediate\debug\collisionmanager.obj
c:\users\serim\source\repos\w2022\a.i\game3001_labs\lab 8\template\intermediate\debug\closecombatcondition.obj
c:\users\serim\source\repos\w2022\a.i\game3001_labs\lab 8\template\intermediate\debug\button.obj
c:\users\serim\source\repos\w2022\a.i\game3001_labs\lab 8\template\intermediate\debug\background.obj
c:\users\serim\source\repos\w2022\a.i\game3001_labs\lab 8\template\intermediate\debug\attackaction.obj
c:\users\serim\source\repos\w2022\a.i\game3001_labs\lab 8\template\intermediate\debug\agent.obj
c:\users\serim\source\repos\w2022\a.i\game3001_labs\lab 8\template\intermediate\debug\imgui_sdl.obj
c:\users\serim\source\repos\w2022\a.i\game3001_labs\lab 8\template\intermediate\debug\imgui_widgets.obj
c:\users\serim\source\repos\w2022\a.i\game3001_labs\lab 8\template\intermediate\debug\imgui_tables.obj
c:\users\serim\source\repos\w2022\a.i\game3001_labs\lab 8\template\intermediate\debug\imgui_draw.obj
c:\users\serim\source\repos\w2022\a.i\game3001_labs\lab 8\template\intermediate\debug\imgui_demo.obj
c:\users\serim\source\repos\w2022\a.i\game3001_labs\lab 8\template\intermediate\debug\imgui.obj
c:\users\serim\source\repos\w2022\a.i\game3001_labs\lab 8\template\intermediate\debug\fontmanager.obj
c:\users\serim\source\repos\w2022\a.i\game3001_labs\lab 8\template\intermediate\debug\displayobject.obj
c:\users\serim\source\repos\w2022\a.i\game3001_labs\lab 8\template\intermediate\debug\uicontrol.obj
c:\users\serim\source\repos\w2022\a.i\game3001_labs\lab 8\template\intermediate\debug\torpedok.obj
c:\users\serim\source\repos\w2022\a.i\game3001_labs\lab 8\template\intermediate\debug\torpedo.obj
c:\users\serim\source\repos\w2022\a.i\game3001_labs\lab 8\template\intermediate\debug\tile.obj
c:\users\serim\source\repos\w2022\a.i\game3001_labs\lab 8\template\intermediate\debug\sprite.obj
c:\users\serim\source\repos\w2022\a.i\game3001_labs\lab 8\template\intermediate\debug\rangedcombatcondition.obj
c:\users\serim\source\repos\w2022\a.i\game3001_labs\lab 8\template\intermediate\debug\radiuscondition.obj
c:\users\serim\source\repos\w2022\a.i\game3001_labs\lab 8\template\intermediate\debug\playerdetectedcondition.obj
c:\users\serim\source\repos\w2022\a.i\game3001_labs\lab 8\template\intermediate\debug\patrolaction.obj
c:\users\serim\source\repos\w2022\a.i\game3001_labs\lab 8\template\intermediate\debug\pathnode.obj
c:\users\serim\source\repos\w2022\a.i\game3001_labs\lab 8\template\intermediate\debug\obstacle.obj
c:\users\serim\source\repos\w2022\a.i\game3001_labs\lab 8\template\intermediate\debug\navigationobject.obj
c:\users\serim\source\repos\w2022\a.i\game3001_labs\lab 8\template\intermediate\debug\movetorangeaction.obj
c:\users\serim\source\repos\w2022\a.i\game3001_labs\lab 8\template\intermediate\debug\movetoplayeraction.obj
c:\users\serim\source\repos\w2022\a.i\game3001_labs\lab 8\template\intermediate\debug\movetolosaction.obj
c:\users\serim\source\repos\w2022\a.i\game3001_labs\lab 8\template\intermediate\debug\waitbehindcoveraction.obj
c:\users\serim\source\repos\w2022\a.i\game3001_labs\lab 8\template\intermediate\debug\util.obj
c:\users\serim\source\repos\w2022\a.i\game3001_labs\lab 8\template\intermediate\debug\target.obj
c:\users\serim\source\repos\w2022\a.i\game3001_labs\lab 8\template\intermediate\debug\spritesheet.obj
c:\users\serim\source\repos\w2022\a.i\game3001_labs\lab 8\template\intermediate\debug\soundmanager.obj
c:\users\serim\source\repos\w2022\a.i\game3001_labs\lab 8\template\intermediate\debug\scene.obj
c:\users\serim\source\repos\w2022\a.i\game3001_labs\lab 8\template\intermediate\debug\renderer.obj
c:\users\serim\source\repos\w2022\a.i\game3001_labs\lab 8\template\intermediate\debug\player.obj
c:\users\serim\source\repos\w2022\a.i\game3001_labs\lab 8\template\intermediate\debug\plane.obj
c:\users\serim\source\repos\w2022\a.i\game3001_labs\lab 8\template\intermediate\debug\label.obj
c:\users\serim\source\repos\w2022\a.i\game3001_labs\lab 8\template\intermediate\debug\gameobject.obj
c:\users\serim\source\repos\w2022\a.i\game3001_labs\lab 8\template\intermediate\debug\gamecontroller.obj
c:\users\serim\source\repos\w2022\a.i\game3001_labs\lab 8\template\intermediate\debug\startscene.obj
c:\users\serim\source\repos\w2022\a.i\game3001_labs\lab 8\template\intermediate\debug\eventmanager.obj
c:\users\serim\source\repos\w2022\a.i\game3001_labs\lab 8\template\intermediate\debug\ship.obj
c:\users\serim\source\repos\w2022\a.i\game3001_labs\lab 8\template\intermediate\debug\main.obj
c:\users\serim\source\repos\w2022\a.i\game3001_labs\lab 8\template\intermediate\debug\playscene.obj
c:\users\serim\source\repos\w2022\a.i\game3001_labs\lab 8\template\intermediate\debug\game.obj
c:\users\serim\source\repos\w2022\a.i\game3001_labs\lab 8\template\intermediate\debug\endscene.obj
c:\users\serim\source\repos\w2022\a.i\game3001_labs\lab 8\template\intermediate\debug\spaceship.obj
c:\users\serim\source\repos\w2022\a.i\game3001_labs\lab 8\template\intermediate\debug\rangedcombatenemy.obj
c:\users\serim\source\repos\w2022\a.i\game3001_labs\lab 8\template\intermediate\debug\closecombatenemy.obj
c:\users\serim\source\repos\w2022\a.i\game3001_labs\lab 8\template\intermediate\debug\texturemanager.obj
c:\users\serim\source\repos\w2022\a.i\game3001_a4_buitravor_woochaewan_jeongsangmin\template\intermediate\debug\vc143.pdb
c:\users\serim\source\repos\w2022\a.i\game3001_a4_buitravor_woochaewan_jeongsangmin\template\intermediate\debug\vc143.idb
c:\users\serim\source\repos\w2022\a.i\game3001_a4_buitravor_woochaewan_jeongsangmin\template\intermediate\debug\movetocoveraction.obj
c:\users\serim\source\repos\w2022\a.i\game3001_a4_buitravor_woochaewan_jeongsangmin\template\intermediate\debug\loscondition.obj
c:\users\serim\source\repos\w2022\a.i\game3001_a4_buitravor_woochaewan_jeongsangmin\template\intermediate\debug\imguiwindowframe.obj
c:\users\serim\source\repos\w2022\a.i\game3001_a4_buitravor_woochaewan_jeongsangmin\template\intermediate\debug\fleeaction.obj
c:\users\serim\source\repos\w2022\a.i\game3001_a4_buitravor_woochaewan_jeongsangmin\template\intermediate\debug\enemyhitcondition.obj
c:\users\serim\source\repos\w2022\a.i\game3001_a4_buitravor_woochaewan_jeongsangmin\template\intermediate\debug\enemyhealthcondition.obj
c:\users\serim\source\repos\w2022\a.i\game3001_a4_buitravor_woochaewan_jeongsangmin\template\intermediate\debug\decisiontree.obj
c:\users\serim\source\repos\w2022\a.i\game3001_a4_buitravor_woochaewan_jeongsangmin\template\intermediate\debug\collisionmanager.obj
c:\users\serim\source\repos\w2022\a.i\game3001_a4_buitravor_woochaewan_jeongsangmin\template\intermediate\debug\closecombatenemy.obj
c:\users\serim\source\repos\w2022\a.i\game3001_a4_buitravor_woochaewan_jeongsangmin\template\intermediate\debug\closecombatcondition.obj
c:\users\serim\source\repos\w2022\a.i\game3001_a4_buitravor_woochaewan_jeongsangmin\template\intermediate\debug\button.obj
c:\users\serim\source\repos\w2022\a.i\game3001_a4_buitravor_woochaewan_jeongsangmin\template\intermediate\debug\background.obj
c:\users\serim\source\repos\w2022\a.i\game3001_a4_buitravor_woochaewan_jeongsangmin\template\intermediate\debug\attackaction.obj
c:\users\serim\source\repos\w2022\a.i\game3001_a4_buitravor_woochaewan_jeongsangmin\template\intermediate\debug\agent.obj
c:\users\serim\source\repos\w2022\a.i\game3001_a4_buitravor_woochaewan_jeongsangmin\template\intermediate\debug\imgui_sdl.obj
c:\users\serim\source\repos\w2022\a.i\game3001_a4_buitravor_woochaewan_jeongsangmin\template\intermediate\debug\imgui_widgets.obj
c:\users\serim\source\repos\w2022\a.i\game3001_a4_buitravor_woochaewan_jeongsangmin\template\intermediate\debug\imgui_tables.obj
c:\users\serim\source\repos\w2022\a.i\game3001_a4_buitravor_woochaewan_jeongsangmin\template\intermediate\debug\imgui_draw.obj
c:\users\serim\source\repos\w2022\a.i\game3001_a4_buitravor_woochaewan_jeongsangmin\template\intermediate\debug\imgui_demo.obj
c:\users\serim\source\repos\w2022\a.i\game3001_a4_buitravor_woochaewan_jeongsangmin\template\intermediate\debug\imgui.obj
c:\users\serim\source\repos\w2022\a.i\game3001_a4_buitravor_woochaewan_jeongsangmin\template\intermediate\debug\fontmanager.obj
c:\users\serim\source\repos\w2022\a.i\game3001_a4_buitravor_woochaewan_jeongsangmin\template\intermediate\debug\endscene.obj
c:\users\serim\source\repos\w2022\a.i\game3001_a4_buitravor_woochaewan_jeongsangmin\template\intermediate\debug\displayobject.obj
c:\users\serim\source\repos\w2022\a.i\game3001_a4_buitravor_woochaewan_jeongsangmin\template\intermediate\debug\uicontrol.obj
c:\users\serim\source\repos\w2022\a.i\game3001_a4_buitravor_woochaewan_jeongsangmin\template\intermediate\debug\torpedok.obj
c:\users\serim\source\repos\w2022\a.i\game3001_a4_buitravor_woochaewan_jeongsangmin\template\intermediate\debug\torpedo.obj
c:\users\serim\source\repos\w2022\a.i\game3001_a4_buitravor_woochaewan_jeongsangmin\template\intermediate\debug\tile.obj
c:\users\serim\source\repos\w2022\a.i\game3001_a4_buitravor_woochaewan_jeongsangmin\template\intermediate\debug\sprite.obj
c:\users\serim\source\repos\w2022\a.i\game3001_a4_buitravor_woochaewan_jeongsangmin\template\intermediate\debug\spaceship.obj
c:\users\serim\source\repos\w2022\a.i\game3001_a4_buitravor_woochaewan_jeongsangmin\template\intermediate\debug\rangedcombatenemy.obj
c:\users\serim\source\repos\w2022\a.i\game3001_a4_buitravor_woochaewan_jeongsangmin\template\intermediate\debug\rangedcombatcondition.obj
c:\users\serim\source\repos\w2022\a.i\game3001_a4_buitravor_woochaewan_jeongsangmin\template\intermediate\debug\radiuscondition.obj
c:\users\serim\source\repos\w2022\a.i\game3001_a4_buitravor_woochaewan_jeongsangmin\template\intermediate\debug\playerdetectedcondition.obj
c:\users\serim\source\repos\w2022\a.i\game3001_a4_buitravor_woochaewan_jeongsangmin\template\intermediate\debug\patrolaction.obj
c:\users\serim\source\repos\w2022\a.i\game3001_a4_buitravor_woochaewan_jeongsangmin\template\intermediate\debug\pathnode.obj
c:\users\serim\source\repos\w2022\a.i\game3001_a4_buitravor_woochaewan_jeongsangmin\template\intermediate\debug\obstacle.obj
c:\users\serim\source\repos\w2022\a.i\game3001_a4_buitravor_woochaewan_jeongsangmin\template\intermediate\debug\navigationobject.obj
c:\users\serim\source\repos\w2022\a.i\game3001_a4_buitravor_woochaewan_jeongsangmin\template\intermediate\debug\movetorangeaction.obj
c:\users\serim\source\repos\w2022\a.i\game3001_a4_buitravor_woochaewan_jeongsangmin\template\intermediate\debug\movetoplayeraction.obj
c:\users\serim\source\repos\w2022\a.i\game3001_a4_buitravor_woochaewan_jeongsangmin\template\intermediate\debug\movetolosaction.obj
c:\users\serim\source\repos\w2022\a.i\game3001_a4_buitravor_woochaewan_jeongsangmin\template\intermediate\debug\waitbehindcoveraction.obj
c:\users\serim\source\repos\w2022\a.i\game3001_a4_buitravor_woochaewan_jeongsangmin\template\intermediate\debug\util.obj
c:\users\serim\source\repos\w2022\a.i\game3001_a4_buitravor_woochaewan_jeongsangmin\template\intermediate\debug\texturemanager.obj
c:\users\serim\source\repos\w2022\a.i\game3001_a4_buitravor_woochaewan_jeongsangmin\template\intermediate\debug\target.obj
c:\users\serim\source\repos\w2022\a.i\game3001_a4_buitravor_woochaewan_jeongsangmin\template\intermediate\debug\startscene.obj
c:\users\serim\source\repos\w2022\a.i\game3001_a4_buitravor_woochaewan_jeongsangmin\template\intermediate\debug\spritesheet.obj
c:\users\serim\source\repos\w2022\a.i\game3001_a4_buitravor_woochaewan_jeongsangmin\template\intermediate\debug\eventmanager.obj
c:\users\serim\source\repos\w2022\a.i\game3001_a4_buitravor_woochaewan_jeongsangmin\template\intermediate\debug\soundmanager.obj
c:\users\serim\source\repos\w2022\a.i\game3001_a4_buitravor_woochaewan_jeongsangmin\template\intermediate\debug\ship.obj
c:\users\serim\source\repos\w2022\a.i\game3001_a4_buitravor_woochaewan_jeongsangmin\template\intermediate\debug\scene.obj
c:\users\serim\source\repos\w2022\a.i\game3001_a4_buitravor_woochaewan_jeongsangmin\template\intermediate\debug\renderer.obj
c:\users\serim\source\repos\w2022\a.i\game3001_a4_buitravor_woochaewan_jeongsangmin\template\intermediate\debug\player.obj
c:\users\serim\source\repos\w2022\a.i\game3001_a4_buitravor_woochaewan_jeongsangmin\template\intermediate\debug\plane.obj
c:\users\serim\source\repos\w2022\a.i\game3001_a4_buitravor_woochaewan_jeongsangmin\template\intermediate\debug\main.obj
c:\users\serim\source\repos\w2022\a.i\game3001_a4_buitravor_woochaewan_jeongsangmin\template\intermediate\debug\playscene.obj
c:\users\serim\source\repos\w2022\a.i\game3001_a4_buitravor_woochaewan_jeongsangmin\template\intermediate\debug\label.obj
c:\users\serim\source\repos\w2022\a.i\game3001_a4_buitravor_woochaewan_jeongsangmin\template\intermediate\debug\gameobject.obj
c:\users\serim\source\repos\w2022\a.i\game3001_a4_buitravor_woochaewan_jeongsangmin\template\intermediate\debug\gamecontroller.obj
c:\users\serim\source\repos\w2022\a.i\game3001_a4_buitravor_woochaewan_jeongsangmin\template\intermediate\debug\game.obj
c:\users\serim\source\repos\w2022\a.i\game3001_a4_buitravor_woochaewan_jeongsangmin\template\intermediate\debug\enemy.obj
c:\users\travor\desktop\school\sem 2\game ai\game3001_a4\game3001_a4_buitravor_woochaewan_jeongsangmin\template\intermediate\debug\vc143.pdb
c:\users\travor\desktop\school\sem 2\game ai\game3001_a4\game3001_a4_buitravor_woochaewan_jeongsangmin\template\intermediate\debug\vc143.idb
c:\users\travor\desktop\school\sem 2\game ai\game3001_a4\game3001_a4_buitravor_woochaewan_jeongsangmin\template\intermediate\debug\loscondition.obj
c:\users\travor\desktop\school\sem 2\game ai\game3001_a4\game3001_a4_buitravor_woochaewan_jeongsangmin\template\intermediate\debug\imguiwindowframe.obj
c:\users\travor\desktop\school\sem 2\game ai\game3001_a4\game3001_a4_buitravor_woochaewan_jeongsangmin\template\intermediate\debug\fleeaction.obj
c:\users\travor\desktop\school\sem 2\game ai\game3001_a4\game3001_a4_buitravor_woochaewan_jeongsangmin\template\intermediate\debug\enemyhitcondition.obj
c:\users\travor\desktop\school\sem 2\game ai\game3001_a4\game3001_a4_buitravor_woochaewan_jeongsangmin\template\intermediate\debug\enemyhealthcondition.obj
c:\users\travor\desktop\school\sem 2\game ai\game3001_a4\game3001_a4_buitravor_woochaewan_jeongsangmin\template\intermediate\debug\enemy.obj
c:\users\travor\desktop\school\sem 2\game ai\game3001_a4\game3001_a4_buitravor_woochaewan_jeongsangmin\template\intermediate\debug\decisiontree.obj
c:\users\travor\desktop\school\sem 2\game ai\game3001_a4\game3001_a4_buitravor_woochaewan_jeongsangmin\template\intermediate\debug\collisionmanager.obj
c:\users\travor\desktop\school\sem 2\game ai\game3001_a4\game3001_a4_buitravor_woochaewan_jeongsangmin\template\intermediate\debug\closecombatenemy.obj
c:\users\travor\desktop\school\sem 2\game ai\game3001_a4\game3001_a4_buitravor_woochaewan_jeongsangmin\template\intermediate\debug\closecombatcondition.obj
c:\users\travor\desktop\school\sem 2\game ai\game3001_a4\game3001_a4_buitravor_woochaewan_jeongsangmin\template\intermediate\debug\button.obj
c:\users\travor\desktop\school\sem 2\game ai\game3001_a4\game3001_a4_buitravor_woochaewan_jeongsangmin\template\intermediate\debug\background.obj
c:\users\travor\desktop\school\sem 2\game ai\game3001_a4\game3001_a4_buitravor_woochaewan_jeongsangmin\template\intermediate\debug\attackaction.obj
c:\users\travor\desktop\school\sem 2\game ai\game3001_a4\game3001_a4_buitravor_woochaewan_jeongsangmin\template\intermediate\debug\agent.obj
c:\users\travor\desktop\school\sem 2\game ai\game3001_a4\game3001_a4_buitravor_woochaewan_jeongsangmin\template\intermediate\debug\imgui_sdl.obj
c:\users\travor\desktop\school\sem 2\game ai\game3001_a4\game3001_a4_buitravor_woochaewan_jeongsangmin\template\intermediate\debug\imgui_widgets.obj
c:\users\travor\desktop\school\sem 2\game ai\game3001_a4\game3001_a4_buitravor_woochaewan_jeongsangmin\template\intermediate\debug\imgui_tables.obj
c:\users\travor\desktop\school\sem 2\game ai\game3001_a4\game3001_a4_buitravor_woochaewan_jeongsangmin\template\intermediate\debug\imgui_draw.obj
c:\users\travor\desktop\school\sem 2\game ai\game3001_a4\game3001_a4_buitravor_woochaewan_jeongsangmin\template\intermediate\debug\imgui_demo.obj
c:\users\travor\desktop\school\sem 2\game ai\game3001_a4\game3001_a4_buitravor_woochaewan_jeongsangmin\template\intermediate\debug\imgui.obj
c:\users\travor\desktop\school\sem 2\game ai\game3001_a4\game3001_a4_buitravor_woochaewan_jeongsangmin\template\intermediate\debug\endscene.obj
c:\users\travor\desktop\school\sem 2\game ai\game3001_a4\game3001_a4_buitravor_woochaewan_jeongsangmin\template\intermediate\debug\displayobject.obj
c:\users\travor\desktop\school\sem 2\game ai\game3001_a4\game3001_a4_buitravor_woochaewan_jeongsangmin\template\intermediate\debug\uicontrol.obj
c:\users\travor\desktop\school\sem 2\game ai\game3001_a4\game3001_a4_buitravor_woochaewan_jeongsangmin\template\intermediate\debug\torpedok.obj
c:\users\travor\desktop\school\sem 2\game ai\game3001_a4\game3001_a4_buitravor_woochaewan_jeongsangmin\template\intermediate\debug\torpedo.obj
c:\users\travor\desktop\school\sem 2\game ai\game3001_a4\game3001_a4_buitravor_woochaewan_jeongsangmin\template\intermediate\debug\tile.obj
c:\users\travor\desktop\school\sem 2\game ai\game3001_a4\game3001_a4_buitravor_woochaewan_jeongsangmin\template\intermediate\debug\sprite.obj
c:\users\travor\desktop\school\sem 2\game ai\game3001_a4\game3001_a4_buitravor_woochaewan_jeongsangmin\template\intermediate\debug\spaceship.obj
c:\users\travor\desktop\school\sem 2\game ai\game3001_a4\game3001_a4_buitravor_woochaewan_jeongsangmin\template\intermediate\debug\rangedcombatenemy.obj
c:\users\travor\desktop\school\sem 2\game ai\game3001_a4\game3001_a4_buitravor_woochaewan_jeongsangmin\template\intermediate\debug\rangedcombatcondition.obj
c:\users\travor\desktop\school\sem 2\game ai\game3001_a4\game3001_a4_buitravor_woochaewan_jeongsangmin\template\intermediate\debug\radiuscondition.obj
c:\users\travor\desktop\school\sem 2\game ai\game3001_a4\game3001_a4_buitravor_woochaewan_jeongsangmin\template\intermediate\debug\playerdetectedcondition.obj
c:\users\travor\desktop\school\sem 2\game ai\game3001_a4\game3001_a4_buitravor_woochaewan_jeongsangmin\template\intermediate\debug\patrolaction.obj
c:\users\travor\desktop\school\sem 2\game ai\game3001_a4\game3001_a4_buitravor_woochaewan_jeongsangmin\template\intermediate\debug\pathnode.obj
c:\users\travor\desktop\school\sem 2\game ai\game3001_a4\game3001_a4_buitravor_woochaewan_jeongsangmin\template\intermediate\debug\obstacle.obj
c:\users\travor\desktop\school\sem 2\game ai\game3001_a4\game3001_a4_buitravor_woochaewan_jeongsangmin\template\intermediate\debug\navigationobject.obj
c:\users\travor\desktop\school\sem 2\game ai\game3001_a4\game3001_a4_buitravor_woochaewan_jeongsangmin\template\intermediate\debug\movetorangeaction.obj
c:\users\travor\desktop\school\sem 2\game ai\game3001_a4\game3001_a4_buitravor_woochaewan_jeongsangmin\template\intermediate\debug\movetoplayeraction.obj
c:\users\travor\desktop\school\sem 2\game ai\game3001_a4\game3001_a4_buitravor_woochaewan_jeongsangmin\template\intermediate\debug\movetolosaction.obj
c:\users\travor\desktop\school\sem 2\game ai\game3001_a4\game3001_a4_buitravor_woochaewan_jeongsangmin\template\intermediate\debug\movetocoveraction.obj
c:\users\travor\desktop\school\sem 2\game ai\game3001_a4\game3001_a4_buitravor_woochaewan_jeongsangmin\template\intermediate\debug\waitbehindcoveraction.obj
c:\users\travor\desktop\school\sem 2\game ai\game3001_a4\game3001_a4_buitravor_woochaewan_jeongsangmin\template\intermediate\debug\util.obj
c:\users\travor\desktop\school\sem 2\game ai\game3001_a4\game3001_a4_buitravor_woochaewan_jeongsangmin\template\intermediate\debug\texturemanager.obj
c:\users\travor\desktop\school\sem 2\game ai\game3001_a4\game3001_a4_buitravor_woochaewan_jeongsangmin\template\intermediate\debug\target.obj
c:\users\travor\desktop\school\sem 2\game ai\game3001_a4\game3001_a4_buitravor_woochaewan_jeongsangmin\template\intermediate\debug\startscene.obj
c:\users\travor\desktop\school\sem 2\game ai\game3001_a4\game3001_a4_buitravor_woochaewan_jeongsangmin\template\intermediate\debug\spritesheet.obj
c:\users\travor\desktop\school\sem 2\game ai\game3001_a4\game3001_a4_buitravor_woochaewan_jeongsangmin\template\intermediate\debug\eventmanager.obj
c:\users\travor\desktop\school\sem 2\game ai\game3001_a4\game3001_a4_buitravor_woochaewan_jeongsangmin\template\intermediate\debug\soundmanager.obj
c:\users\travor\desktop\school\sem 2\game ai\game3001_a4\game3001_a4_buitravor_woochaewan_jeongsangmin\template\intermediate\debug\ship.obj
c:\users\travor\desktop\school\sem 2\game ai\game3001_a4\game3001_a4_buitravor_woochaewan_jeongsangmin\template\intermediate\debug\scene.obj
c:\users\travor\desktop\school\sem 2\game ai\game3001_a4\game3001_a4_buitravor_woochaewan_jeongsangmin\template\intermediate\debug\renderer.obj
c:\users\travor\desktop\school\sem 2\game ai\game3001_a4\game3001_a4_buitravor_woochaewan_jeongsangmin\template\intermediate\debug\player.obj
c:\users\travor\desktop\school\sem 2\game ai\game3001_a4\game3001_a4_buitravor_woochaewan_jeongsangmin\template\intermediate\debug\plane.obj
c:\users\travor\desktop\school\sem 2\game ai\game3001_a4\game3001_a4_buitravor_woochaewan_jeongsangmin\template\intermediate\debug\main.obj
c:\users\travor\desktop\school\sem 2\game ai\game3001_a4\game3001_a4_buitravor_woochaewan_jeongsangmin\template\intermediate\debug\playscene.obj
c:\users\travor\desktop\school\sem 2\game ai\game3001_a4\game3001_a4_buitravor_woochaewan_jeongsangmin\template\intermediate\debug\label.obj
c:\users\travor\desktop\school\sem 2\game ai\game3001_a4\game3001_a4_buitravor_woochaewan_jeongsangmin\template\intermediate\debug\gameobject.obj
c:\users\travor\desktop\school\sem 2\game ai\game3001_a4\game3001_a4_buitravor_woochaewan_jeongsangmin\template\intermediate\debug\gamecontroller.obj
c:\users\travor\desktop\school\sem 2\game ai\game3001_a4\game3001_a4_buitravor_woochaewan_jeongsangmin\template\intermediate\debug\game.obj
c:\users\travor\desktop\school\sem 2\game ai\game3001_a4\game3001_a4_buitravor_woochaewan_jeongsangmin\template\intermediate\debug\fontmanager.obj
c:\users\serim\source\repos\w2022\a.i\game3001_labs\lab 7\bin\debug\template.exe
c:\users\serim\source\repos\w2022\a.i\game3001_labs\lab 7\template\intermediate\debug\template.ilk
c:\users\serim\source\repos\w2022\a.i\game3001_labs\lab 7\bin\debug\template.pdb
c:\users\serim\source\repos\w2022\a.i\game3001_labs\lab 8\bin\debug\template.exe
c:\users\serim\source\repos\w2022\a.i\game3001_labs\lab 8\template\intermediate\debug\template.ilk
c:\users\serim\source\repos\w2022\a.i\game3001_labs\lab 8\bin\debug\template.pdb
c:\users\serim\source\repos\w2022\a.i\game3001_a4_buitravor_woochaewan_jeongsangmin\bin\debug\template.exe
c:\users\serim\source\repos\w2022\a.i\game3001_a4_buitravor_woochaewan_jeongsangmin\template\intermediate\debug\template.ilk
c:\users\serim\source\repos\w2022\a.i\game3001_a4_buitravor_woochaewan_jeongsangmin\bin\debug\template.pdb
c:\users\travor\desktop\school\sem 2\game ai\game3001_a4\game3001_a4_buitravor_woochaewan_jeongsangmin\template\intermediate\debug\template.ilk
c:\users\travor\desktop\school\sem 2\game ai\game3001_a4\game3001_a4_buitravor_woochaewan_jeongsangmin\bin\debug\template.exe
c:\users\travor\desktop\school\sem 2\game ai\game3001_a4\game3001_a4_buitravor_woochaewan_jeongsangmin\bin\debug\template.pdb
c:\users\travor\desktop\school\sem 2\game ai\game3001_a4\game3001_a4_buitravor_woochaewan_jeongsangmin\template\intermediate\debug\vc142.idb
c:\users\travor\desktop\school\sem 2\game ai\game3001_a4\game3001_a4_buitravor_woochaewan_jeongsangmin\template\intermediate\debug\template.vcxproj.filelistabsolute.txt
c:\users\travor\desktop\school\sem 2\game ai\game3001_a4\game3001_a4_buitravor_woochaewan_jeongsangmin\template\intermediate\debug\template.tlog\cl.command.1.tlog
c:\users\travor\desktop\school\sem 2\game ai\game3001_a4\game3001_a4_buitravor_woochaewan_jeongsangmin\template\intermediate\debug\template.tlog\cl.read.1.tlog
c:\users\travor\desktop\school\sem 2\game ai\game3001_a4\game3001_a4_buitravor_woochaewan_jeongsangmin\template\intermediate\debug\template.tlog\cl.write.1.tlog
c:\users\travor\desktop\school\sem 2\game ai\game3001_a4\game3001_a4_buitravor_woochaewan_jeongsangmin\template\intermediate\debug\template.tlog\link.command.1.tlog
c:\users\travor\desktop\school\sem 2\game ai\game3001_a4\game3001_a4_buitravor_woochaewan_jeongsangmin\template\intermediate\debug\template.tlog\link.read.1.tlog
c:\users\travor\desktop\school\sem 2\game ai\game3001_a4\game3001_a4_buitravor_woochaewan_jeongsangmin\template\intermediate\debug\template.tlog\link.write.1.tlog
